2017-07-06 17:09:28,873 [Thread-3:4904] [django.request:152] [base:get_response] [WARNING]- Not Found: /static/blog/js/up/jquery.js
2017-07-06 17:09:28,874 [Thread-4:4764] [django.request:152] [base:get_response] [WARNING]- Not Found: /static/blog/js/up/js.js
2017-07-06 17:10:56,660 [Thread-3:4216] [django.request:152] [base:get_response] [WARNING]- Not Found: /static/blog/js/up/jquery.js
2017-07-06 17:10:56,665 [Thread-4:1940] [django.request:152] [base:get_response] [WARNING]- Not Found: /static/blog/js/up/js.js
2017-07-06 17:11:27,621 [Thread-9:2808] [django.request:124] [exception:handle_uncaught_exception] [ERROR]- Internal Server Error: /blog/tag/14/
Traceback (most recent call last):
  File "D:\files\anaconda3\lib\site-packages\django\core\handlers\exception.py", line 39, in inner
    response = get_response(request)
  File "D:\files\anaconda3\lib\site-packages\django\core\handlers\base.py", line 249, in _legacy_get_response
    response = self._get_response(request)
  File "D:\files\anaconda3\lib\site-packages\django\core\handlers\base.py", line 187, in _get_response
    response = self.process_exception_by_middleware(e, request)
  File "D:\files\anaconda3\lib\site-packages\django\core\handlers\base.py", line 185, in _get_response
    response = wrapped_callback(request, *callback_args, **callback_kwargs)
  File "D:\BLOG\blog\views.py", line 53, in page
    blogs = [Article.objects.all()[0] for i in range(8)]
  File "D:\BLOG\blog\views.py", line 53, in <listcomp>
    blogs = [Article.objects.all()[0] for i in range(8)]
  File "D:\files\anaconda3\lib\site-packages\django\db\models\query.py", line 295, in __getitem__
    return list(qs)[0]
IndexError: list index out of range
2017-07-06 17:12:13,052 [Thread-2:3980] [django.request:124] [exception:handle_uncaught_exception] [ERROR]- Internal Server Error: /blog/tag/14/
Traceback (most recent call last):
  File "D:\files\anaconda3\lib\site-packages\django\core\handlers\exception.py", line 39, in inner
    response = get_response(request)
  File "D:\files\anaconda3\lib\site-packages\django\core\handlers\base.py", line 249, in _legacy_get_response
    response = self._get_response(request)
  File "D:\files\anaconda3\lib\site-packages\django\core\handlers\base.py", line 187, in _get_response
    response = self.process_exception_by_middleware(e, request)
  File "D:\files\anaconda3\lib\site-packages\django\core\handlers\base.py", line 185, in _get_response
    response = wrapped_callback(request, *callback_args, **callback_kwargs)
  File "D:\BLOG\blog\views.py", line 53, in page
    blogs = [Article.objects.all()[0] for i in range(8)]
  File "D:\BLOG\blog\views.py", line 53, in <listcomp>
    blogs = [Article.objects.all()[0] for i in range(8)]
  File "D:\files\anaconda3\lib\site-packages\django\db\models\query.py", line 295, in __getitem__
    return list(qs)[0]
IndexError: list index out of range
2017-07-06 17:17:36,753 [Thread-59:7292] [django.request:152] [base:get_response] [WARNING]- Not Found: /favicon.ico
2017-07-06 17:23:28,489 [Thread-197:7960] [django.request:152] [base:get_response] [WARNING]- Not Found: /blog/rss/
2017-07-26 14:32:36,769 [Thread-18:9172] [django.request:152] [base:get_response] [WARNING]- Not Found: /media/uploads/blog/images/ad300x100.jpg
2017-07-26 14:32:36,776 [Thread-19:9064] [django.request:152] [base:get_response] [WARNING]- Not Found: /media/uploads/blog/images/03.jpg
2017-07-26 14:32:36,838 [Thread-21:5516] [django.request:152] [base:get_response] [WARNING]- Not Found: /media/uploads/blog/images/06_wgUbDxI.jpg
2017-07-26 14:32:36,833 [Thread-20:5824] [django.request:152] [base:get_response] [WARNING]- Not Found: /media/uploads/blog/images/06.jpg
2017-07-26 14:32:36,845 [Thread-22:3988] [django.request:152] [base:get_response] [WARNING]- Not Found: /media/uploads/blog/images/04.jpg
2017-07-26 14:32:36,852 [Thread-23:8632] [django.request:152] [base:get_response] [WARNING]- Not Found: /media/uploads/blog/images/06_Atm3NYB.jpg
2017-07-26 14:32:36,862 [Thread-24:3336] [django.request:152] [base:get_response] [WARNING]- Not Found: /media/uploads/blog/images/05.jpg
2017-07-26 14:32:36,871 [Thread-25:1288] [django.request:152] [base:get_response] [WARNING]- Not Found: /media/uploads/blog/images/02.jpg
2017-07-26 14:32:37,123 [Thread-40:6044] [django.request:152] [base:get_response] [WARNING]- Not Found: /favicon.ico
2017-07-26 14:32:40,549 [Thread-44:5076] [django.request:152] [base:get_response] [WARNING]- Not Found: /media/uploads/blog/images/04.jpg
2017-07-26 14:32:40,561 [Thread-45:7508] [django.request:152] [base:get_response] [WARNING]- Not Found: /media/uploads/blog/images/06_Atm3NYB.jpg
2017-07-26 14:32:40,597 [Thread-46:7748] [django.request:152] [base:get_response] [WARNING]- Not Found: /media/uploads/blog/images/05.jpg
2017-07-26 14:32:40,610 [Thread-47:6704] [django.request:152] [base:get_response] [WARNING]- Not Found: /media/uploads/blog/images/06_ywRvfWd.jpg
2017-07-26 14:32:41,814 [Thread-51:5604] [django.request:152] [base:get_response] [WARNING]- Not Found: /media/uploads/blog/images/ex01.jpg
2017-07-26 14:32:43,135 [Thread-55:4056] [django.request:152] [base:get_response] [WARNING]- Not Found: /media/uploads/blog/images/03.jpg
2017-07-26 14:32:43,184 [Thread-56:6036] [django.request:152] [base:get_response] [WARNING]- Not Found: /media/uploads/blog/images/06_wgUbDxI.jpg
2017-07-26 14:32:43,189 [Thread-57:7600] [django.request:152] [base:get_response] [WARNING]- Not Found: /media/uploads/blog/images/02.jpg
2017-07-26 14:32:43,196 [Thread-58:8496] [django.request:152] [base:get_response] [WARNING]- Not Found: /media/uploads/blog/images/05_IANSfSF.jpg
2017-07-26 14:32:43,207 [Thread-59:8664] [django.request:152] [base:get_response] [WARNING]- Not Found: /media/uploads/blog/images/ex01_G9gcMzL.jpg
2017-07-26 14:32:43,228 [Thread-60:5252] [django.request:152] [base:get_response] [WARNING]- Not Found: /media/uploads/blog/images/02_bAbuNfD.jpg
2017-07-26 14:32:43,239 [Thread-61:6228] [django.request:152] [base:get_response] [WARNING]- Not Found: /media/uploads/blog/images/02_Ez3ZYB6.jpg
2017-07-26 14:32:44,045 [Thread-66:8908] [django.request:152] [base:get_response] [WARNING]- Not Found: /media/uploads/blog/images/06.jpg
2017-07-26 14:32:46,059 [Thread-71:7656] [django.request:152] [base:get_response] [WARNING]- Not Found: /media/uploads/blog/images/04.jpg
2017-07-26 14:32:46,072 [Thread-72:8564] [django.request:152] [base:get_response] [WARNING]- Not Found: /media/uploads/blog/images/06_Atm3NYB.jpg
2017-07-26 14:32:46,076 [Thread-73:5460] [django.request:152] [base:get_response] [WARNING]- Not Found: /media/uploads/blog/images/05.jpg
2017-07-26 14:32:46,082 [Thread-74:3760] [django.request:152] [base:get_response] [WARNING]- Not Found: /media/uploads/blog/images/06_ywRvfWd.jpg
2017-07-26 14:33:18,293 [Thread-78:6908] [django.request:152] [base:get_response] [WARNING]- Not Found: /auths/login/
2017-07-26 14:33:22,365 [Thread-83:8724] [django.request:152] [base:get_response] [WARNING]- Not Found: /media/uploads/blog/images/ex01.jpg
2017-07-28 09:21:33,607 [Thread-2:1196] [django.request:152] [base:get_response] [WARNING]- Not Found: /bbs/
2017-07-28 09:21:33,871 [Thread-3:4264] [django.request:152] [base:get_response] [WARNING]- Not Found: /favicon.ico
2017-07-28 09:21:33,972 [Thread-4:6768] [django.request:152] [base:get_response] [WARNING]- Not Found: /favicon.ico
2017-07-28 09:22:12,843 [Thread-2:7308] [django.request:124] [exception:handle_uncaught_exception] [ERROR]- Internal Server Error: /bbs/
Traceback (most recent call last):
  File "D:\files\anaconda3\lib\site-packages\django\core\handlers\exception.py", line 39, in inner
    response = get_response(request)
  File "D:\files\anaconda3\lib\site-packages\django\core\handlers\base.py", line 249, in _legacy_get_response
    response = self._get_response(request)
  File "D:\files\anaconda3\lib\site-packages\django\core\handlers\base.py", line 187, in _get_response
    response = self.process_exception_by_middleware(e, request)
  File "D:\files\anaconda3\lib\site-packages\django\core\handlers\base.py", line 185, in _get_response
    response = wrapped_callback(request, *callback_args, **callback_kwargs)
  File "D:\mysite\bbs\views.py", line 6, in index
    print(requst.META)
NameError: name 'requst' is not defined
2017-07-28 09:22:27,049 [Thread-4:6740] [django.request:152] [base:get_response] [WARNING]- Not Found: /bbs/css/bootstrap5152.css
2017-07-28 09:22:27,092 [Thread-5:4452] [django.request:152] [base:get_response] [WARNING]- Not Found: /bbs/css/responsive5152.css
2017-07-28 09:22:27,106 [Thread-3:5784] [django.request:152] [base:get_response] [WARNING]- Not Found: /bbs/style.css
2017-07-28 09:22:27,108 [Thread-6:7836] [django.request:152] [base:get_response] [WARNING]- Not Found: /bbs/js/prettyphoto/prettyPhotoaeb9.css
2017-07-28 09:22:27,122 [Thread-8:7600] [django.request:152] [base:get_response] [WARNING]- Not Found: /bbs/css/custom5152.html
2017-07-28 09:22:27,124 [Thread-7:3200] [django.request:152] [base:get_response] [WARNING]- Not Found: /bbs/css/main5152.css
2017-07-28 09:22:27,142 [Thread-9:6916] [django.request:152] [base:get_response] [WARNING]- Not Found: /bbs/js/jquery-1.8.3.min.js
2017-07-28 09:22:27,203 [Thread-10:1140] [django.request:152] [base:get_response] [WARNING]- Not Found: /bbs/js/jquery.easing.1.3.js
2017-07-28 09:22:27,212 [Thread-12:7572] [django.request:152] [base:get_response] [WARNING]- Not Found: /bbs/js/jflickrfeed.js
2017-07-28 09:22:27,217 [Thread-11:4676] [django.request:152] [base:get_response] [WARNING]- Not Found: /bbs/js/prettyphoto/jquery.prettyPhoto.js
2017-07-28 09:22:27,219 [Thread-13:7968] [django.request:152] [base:get_response] [WARNING]- Not Found: /bbs/js/jquery.liveSearch.js
2017-07-28 09:22:27,224 [Thread-14:2948] [django.request:152] [base:get_response] [WARNING]- Not Found: /bbs/js/jquery.form.js
2017-07-28 09:22:27,237 [Thread-15:5948] [django.request:152] [base:get_response] [WARNING]- Not Found: /bbs/js/jquery.validate.min.js
2017-07-28 09:22:27,283 [Thread-16:6672] [django.request:152] [base:get_response] [WARNING]- Not Found: /bbs/js/custom.js
2017-07-28 09:22:27,288 [Thread-17:6080] [django.request:152] [base:get_response] [WARNING]- Not Found: /bbs/images/logo.png
2017-07-28 09:22:27,291 [Thread-18:4212] [django.request:152] [base:get_response] [WARNING]- Not Found: /bbs/images/favicon.png
2017-07-28 09:22:27,296 [Thread-19:5352] [django.request:152] [base:get_response] [WARNING]- Not Found: /bbs/js/jquery-1.8.3.min.js
2017-07-28 09:22:27,324 [Thread-20:7080] [django.request:152] [base:get_response] [WARNING]- Not Found: /bbs/js/jquery.easing.1.3.js
2017-07-28 09:22:27,345 [Thread-21:5020] [django.request:152] [base:get_response] [WARNING]- Not Found: /bbs/js/prettyphoto/jquery.prettyPhoto.js
2017-07-28 09:22:27,367 [Thread-22:1684] [django.request:152] [base:get_response] [WARNING]- Not Found: /bbs/js/jflickrfeed.js
2017-07-28 09:22:27,387 [Thread-23:7796] [django.request:152] [base:get_response] [WARNING]- Not Found: /bbs/js/jquery.liveSearch.js
2017-07-28 09:22:27,412 [Thread-24:6912] [django.request:152] [base:get_response] [WARNING]- Not Found: /bbs/js/jquery.form.js
2017-07-28 09:22:27,429 [Thread-25:7232] [django.request:152] [base:get_response] [WARNING]- Not Found: /bbs/js/jquery.validate.min.js
2017-07-28 09:22:27,458 [Thread-26:7772] [django.request:152] [base:get_response] [WARNING]- Not Found: /bbs/js/custom.js
2017-07-28 09:22:29,293 [Thread-28:6660] [django.request:152] [base:get_response] [WARNING]- Not Found: /bbs/style.css
2017-07-28 09:22:29,297 [Thread-29:5556] [django.request:152] [base:get_response] [WARNING]- Not Found: /bbs/css/bootstrap5152.css
2017-07-28 09:22:29,300 [Thread-30:5244] [django.request:152] [base:get_response] [WARNING]- Not Found: /bbs/css/responsive5152.css
2017-07-28 09:22:29,303 [Thread-31:6504] [django.request:152] [base:get_response] [WARNING]- Not Found: /bbs/js/prettyphoto/prettyPhotoaeb9.css
2017-07-28 09:22:29,309 [Thread-32:5664] [django.request:152] [base:get_response] [WARNING]- Not Found: /bbs/css/main5152.css
2017-07-28 09:22:29,313 [Thread-33:5952] [django.request:152] [base:get_response] [WARNING]- Not Found: /bbs/css/custom5152.html
2017-07-28 09:22:29,363 [Thread-34:7120] [django.request:152] [base:get_response] [WARNING]- Not Found: /bbs/js/jquery-1.8.3.min.js
2017-07-28 09:22:29,383 [Thread-35:5404] [django.request:152] [base:get_response] [WARNING]- Not Found: /bbs/js/jquery.easing.1.3.js
2017-07-28 09:22:29,398 [Thread-36:4832] [django.request:152] [base:get_response] [WARNING]- Not Found: /bbs/js/prettyphoto/jquery.prettyPhoto.js
2017-07-28 09:22:29,400 [Thread-37:1072] [django.request:152] [base:get_response] [WARNING]- Not Found: /bbs/js/jflickrfeed.js
2017-07-28 09:22:29,402 [Thread-39:5900] [django.request:152] [base:get_response] [WARNING]- Not Found: /bbs/js/jquery.form.js
2017-07-28 09:22:29,407 [Thread-38:3748] [django.request:152] [base:get_response] [WARNING]- Not Found: /bbs/js/jquery.liveSearch.js
2017-07-28 09:22:29,430 [Thread-40:6224] [django.request:152] [base:get_response] [WARNING]- Not Found: /bbs/js/jquery.validate.min.js
2017-07-28 09:22:29,437 [Thread-41:7856] [django.request:152] [base:get_response] [WARNING]- Not Found: /bbs/js/custom.js
2017-07-28 09:22:29,440 [Thread-42:2424] [django.request:152] [base:get_response] [WARNING]- Not Found: /bbs/images/logo.png
2017-07-28 09:22:29,569 [Thread-43:7272] [django.request:152] [base:get_response] [WARNING]- Not Found: /bbs/js/jquery-1.8.3.min.js
2017-07-28 09:22:29,621 [Thread-44:696] [django.request:152] [base:get_response] [WARNING]- Not Found: /bbs/js/jquery.easing.1.3.js
2017-07-28 09:22:29,637 [Thread-45:4232] [django.request:152] [base:get_response] [WARNING]- Not Found: /bbs/js/prettyphoto/jquery.prettyPhoto.js
2017-07-28 09:22:29,662 [Thread-46:7040] [django.request:152] [base:get_response] [WARNING]- Not Found: /bbs/js/jflickrfeed.js
2017-07-28 09:22:29,680 [Thread-47:7148] [django.request:152] [base:get_response] [WARNING]- Not Found: /bbs/js/jquery.liveSearch.js
2017-07-28 09:22:29,705 [Thread-48:6980] [django.request:152] [base:get_response] [WARNING]- Not Found: /bbs/js/jquery.form.js
2017-07-28 09:22:29,727 [Thread-49:5252] [django.request:152] [base:get_response] [WARNING]- Not Found: /bbs/js/jquery.validate.min.js
2017-07-28 09:22:29,751 [Thread-50:6628] [django.request:152] [base:get_response] [WARNING]- Not Found: /bbs/js/custom.js
2017-07-28 09:23:19,224 [Thread-2:3372] [django.request:124] [exception:handle_uncaught_exception] [ERROR]- Internal Server Error: /bbs/
Traceback (most recent call last):
  File "D:\files\anaconda3\lib\site-packages\django\core\handlers\exception.py", line 39, in inner
    response = get_response(request)
  File "D:\files\anaconda3\lib\site-packages\django\core\handlers\base.py", line 249, in _legacy_get_response
    response = self._get_response(request)
  File "D:\files\anaconda3\lib\site-packages\django\core\handlers\base.py", line 187, in _get_response
    response = self.process_exception_by_middleware(e, request)
  File "D:\files\anaconda3\lib\site-packages\django\core\handlers\base.py", line 185, in _get_response
    response = wrapped_callback(request, *callback_args, **callback_kwargs)
  File "D:\mysite\bbs\views.py", line 7, in index
    return render(reques, "bbs/index.html")
NameError: name 'reques' is not defined
2017-07-28 09:27:46,666 [Thread-3:6712] [django.request:152] [base:get_response] [WARNING]- Not Found: /bbs/style.css
2017-07-28 09:27:46,677 [Thread-4:5288] [django.request:152] [base:get_response] [WARNING]- Not Found: /bbs/css/bootstrap5152.css
2017-07-28 09:27:46,688 [Thread-5:3320] [django.request:152] [base:get_response] [WARNING]- Not Found: /bbs/css/responsive5152.css
2017-07-28 09:27:46,699 [Thread-6:7244] [django.request:152] [base:get_response] [WARNING]- Not Found: /bbs/js/prettyphoto/prettyPhotoaeb9.css
2017-07-28 09:27:46,702 [Thread-7:1884] [django.request:152] [base:get_response] [WARNING]- Not Found: /bbs/css/main5152.css
2017-07-28 09:27:46,706 [Thread-8:7064] [django.request:152] [base:get_response] [WARNING]- Not Found: /bbs/css/custom5152.html
2017-07-28 09:27:46,765 [Thread-10:7324] [django.request:152] [base:get_response] [WARNING]- Not Found: /bbs/js/jquery.easing.1.3.js
2017-07-28 09:27:46,793 [Thread-9:7500] [django.request:152] [base:get_response] [WARNING]- Not Found: /bbs/js/jquery-1.8.3.min.js
2017-07-28 09:27:46,796 [Thread-11:3372] [django.request:152] [base:get_response] [WARNING]- Not Found: /bbs/js/prettyphoto/jquery.prettyPhoto.js
2017-07-28 09:27:46,806 [Thread-12:5536] [django.request:152] [base:get_response] [WARNING]- Not Found: /bbs/js/jflickrfeed.js
2017-07-28 09:27:46,814 [Thread-14:4304] [django.request:152] [base:get_response] [WARNING]- Not Found: /bbs/js/jquery.form.js
2017-07-28 09:27:46,857 [Thread-13:7344] [django.request:152] [base:get_response] [WARNING]- Not Found: /bbs/js/jquery.liveSearch.js
2017-07-28 09:27:46,869 [Thread-15:6468] [django.request:152] [base:get_response] [WARNING]- Not Found: /bbs/js/jquery.validate.min.js
2017-07-28 09:27:46,890 [Thread-16:6732] [django.request:152] [base:get_response] [WARNING]- Not Found: /bbs/js/custom.js
2017-07-28 09:27:46,893 [Thread-17:6460] [django.request:152] [base:get_response] [WARNING]- Not Found: /bbs/images/logo.png
2017-07-28 09:27:46,957 [Thread-18:6784] [django.request:152] [base:get_response] [WARNING]- Not Found: /bbs/js/jquery-1.8.3.min.js
2017-07-28 09:27:46,977 [Thread-19:5904] [django.request:152] [base:get_response] [WARNING]- Not Found: /bbs/js/jquery.easing.1.3.js
2017-07-28 09:27:47,006 [Thread-20:2300] [django.request:152] [base:get_response] [WARNING]- Not Found: /bbs/js/prettyphoto/jquery.prettyPhoto.js
2017-07-28 09:27:47,034 [Thread-21:3916] [django.request:152] [base:get_response] [WARNING]- Not Found: /bbs/js/jflickrfeed.js
2017-07-28 09:27:47,056 [Thread-22:7428] [django.request:152] [base:get_response] [WARNING]- Not Found: /bbs/js/jquery.liveSearch.js
2017-07-28 09:27:47,084 [Thread-23:7760] [django.request:152] [base:get_response] [WARNING]- Not Found: /bbs/js/jquery.form.js
2017-07-28 09:27:47,104 [Thread-24:3212] [django.request:152] [base:get_response] [WARNING]- Not Found: /bbs/js/jquery.validate.min.js
2017-07-28 09:27:47,131 [Thread-25:5440] [django.request:152] [base:get_response] [WARNING]- Not Found: /bbs/js/custom.js
